           *******************************************************
                            Listing of SPARK Text
                              Examiner GPL 2011
             Copyright (C) 2011 Altran Praxis Limited, Bath, U.K.
           *******************************************************


                        DATE : 07-SEP-2011 16:35:46.78

Line
   1  with exact;
   2  --# inherit exact;
   3  package numeric is
   4  
   5    --# function epsabs return float;
   6    --# function epsrel return float;
   7  
   8    function plus (x,y : float) return float;
   9    --# pre plus(x,y) in float;
  10  
  11    function minus (x,y : float) return float;
  12    --# pre minus(x,y) in float;
  13  
  14    function times (x,y : float) return float;
  15    --# pre times(x,y) in float;
  16  
  17    function divide (x,y : float) return float;
  18    --# pre divide(x,y) in float;
  19  
  20    function sqrt_init (x : float) return float;
  21    --# pre  x in 0.5..2.0;
  22    --# return r => r in (1.0-0.5**6)/exact.sqrt(x)..(1.0+0.5**6)/exact.sqrt(x);
  23  
  24  end numeric;


--End of file--------------------------------------------------
