           *******************************************************
                            Listing of SPARK Text
                              Examiner GPL 2011
             Copyright (C) 2011 Altran Praxis Limited, Bath, U.K.
           *******************************************************


                        DATE : 06-SEP-2011 23:02:24.87

Line
   1  with numeric;
   2  --# inherit exact, numeric;
   3  --# main_program;
   4  procedure sqrt (x : in float; r : out float)
   5  --# derives r from x;
   6  --# pre  1.0 <= x and x <= 2.0;
   7  --# post r in float and
   8  --#      r <= (1.0+9.0*numeric.epsrel)*exact.sqrt(x);
   9  is
  10     s : float;
  11  begin
  12     s := x;
  13     r := numeric.times(0.5,numeric.plus(x,1.0));
  14     while abs(numeric.minus(r,s)) > numeric.epsabs loop
  15        s := r;
  16        --# assert 0.5 <= s and s <= 3.0;
  17        r := numeric.times(0.5,numeric.plus(s,numeric.divide(x,s)));
  18     end loop;
  19  end sqrt;

+++        Flow analysis of subprogram sqrt performed: no 
           errors found.
--- (  1)  Warning           :405: VCs for statements including real numbers are 
           approximate.



--End of file--------------------------------------------------
